2024-08-12 20:01:32,843 [Worker-6: Loading available Gradle versions] INFO  o.e.b.c.i.u.g.PublishedGradleVersions - Gradle version information cache is up-to-date. Trying to read.
2024-08-17 10:43:49,278 [Worker-6: Loading available Gradle versions] INFO  o.e.b.c.i.u.g.PublishedGradleVersions - Gradle version information cache is up-to-date. Trying to read.
2024-08-17 10:44:40,417 [Worker-23: Updating Maven Dependencies] INFO  o.e.m.c.i.l.LifecycleMappingFactory - Using org.eclipse.m2e.jdt.JarLifecycleMapping lifecycle mapping for MavenProject: com.ti2cc:maven.demo:0.0.1-SNAPSHOT @ /home/cliente/Documentos/GitHub/Trabalho-Interdisciplinar-II-Back-End/Exercicios_Eclipse_Davi/maven.demo/pom.xml.
2024-08-17 10:44:41,342 [Worker-27: Building] WARN  o.a.m.s.f.DefaultMavenResourcesFiltering - Using platform encoding (UTF-8 actually) to copy filtered resources, i.e. build is platform dependent!
2024-08-17 10:44:41,347 [Worker-27: Building] INFO  o.a.m.s.f.DefaultMavenResourcesFiltering - Copying 0 resource from src/main/resources to target/classes
2024-08-17 10:44:41,360 [Worker-27: Building] WARN  o.a.m.s.f.DefaultMavenResourcesFiltering - Using platform encoding (UTF-8 actually) to copy filtered resources, i.e. build is platform dependent!
2024-08-17 10:44:41,362 [Worker-27: Building] INFO  o.a.m.s.f.DefaultMavenResourcesFiltering - Copying 0 resource from src/test/resources to target/test-classes
2024-08-17 10:48:42,444 [Worker-2: Loading available Gradle versions] INFO  o.e.b.c.i.u.g.PublishedGradleVersions - Gradle version information cache is up-to-date. Trying to read.
2024-08-17 10:53:35,093 [Worker-4: Loading available Gradle versions] INFO  o.e.b.c.i.u.g.PublishedGradleVersions - Gradle version information cache is up-to-date. Trying to read.
2024-08-17 11:01:01,149 [Worker-41: Building] INFO  o.e.m.c.i.l.LifecycleMappingFactory - Using org.eclipse.m2e.jdt.JarLifecycleMapping lifecycle mapping for MavenProject: com.ti2cc:01ConexaoPostgres:0.0.1-SNAPSHOT @ /home/cliente/Documentos/GitHub/Trabalho-Interdisciplinar-II-Back-End/Exercicios_Eclipse_Davi/ti2cc-Fork/fonte-antigo/bancodedados/01ConexaoPostgres/pom.xml.
2024-08-17 11:01:01,316 [Worker-41: Building] WARN  o.a.m.s.f.DefaultMavenResourcesFiltering - Using platform encoding (UTF-8 actually) to copy filtered resources, i.e. build is platform dependent!
2024-08-17 11:01:01,317 [Worker-41: Building] INFO  o.a.m.s.f.DefaultMavenResourcesFiltering - skip non existing resourceDirectory /home/cliente/Documentos/GitHub/Trabalho-Interdisciplinar-II-Back-End/Exercicios_Eclipse_Davi/ti2cc-Fork/fonte-antigo/bancodedados/01ConexaoPostgres/src/main/resources
2024-08-17 11:01:01,322 [Worker-41: Building] WARN  o.a.m.s.f.DefaultMavenResourcesFiltering - Using platform encoding (UTF-8 actually) to copy filtered resources, i.e. build is platform dependent!
2024-08-17 11:01:01,323 [Worker-41: Building] INFO  o.a.m.s.f.DefaultMavenResourcesFiltering - skip non existing resourceDirectory /home/cliente/Documentos/GitHub/Trabalho-Interdisciplinar-II-Back-End/Exercicios_Eclipse_Davi/ti2cc-Fork/fonte-antigo/bancodedados/01ConexaoPostgres/src/test/resources
2024-08-17 11:01:01,833 [Worker-46: Updating Maven Dependencies] INFO  o.e.m.c.i.l.LifecycleMappingFactory - Using org.eclipse.m2e.jdt.JarLifecycleMapping lifecycle mapping for MavenProject: ti2cc:WS02SimpleWebService:2.0 @ /home/cliente/Documentos/GitHub/Trabalho-Interdisciplinar-II-Back-End/Exercicios_Eclipse_Davi/ti2cc-Fork/WS02SimpleWebService/pom.xml.
2024-08-17 11:01:01,910 [Worker-45: Building] INFO  o.e.m.c.i.l.LifecycleMappingFactory - Using org.eclipse.m2e.jdt.JarLifecycleMapping lifecycle mapping for MavenProject: com.ti2cc:01HelloWorldSparkFramework:0.0.1-SNAPSHOT @ /home/cliente/Documentos/GitHub/Trabalho-Interdisciplinar-II-Back-End/Exercicios_Eclipse_Davi/ti2cc-Fork/fonte-antigo/webservices/01HelloWorldSparkFramework/pom.xml.
2024-08-17 11:01:02,039 [Worker-45: Building] WARN  o.a.m.s.f.DefaultMavenResourcesFiltering - Using platform encoding (UTF-8 actually) to copy filtered resources, i.e. build is platform dependent!
2024-08-17 11:01:02,040 [Worker-45: Building] INFO  o.a.m.s.f.DefaultMavenResourcesFiltering - skip non existing resourceDirectory /home/cliente/Documentos/GitHub/Trabalho-Interdisciplinar-II-Back-End/Exercicios_Eclipse_Davi/ti2cc-Fork/fonte-antigo/webservices/01HelloWorldSparkFramework/src/main/resources
2024-08-17 11:01:02,043 [Worker-45: Building] WARN  o.a.m.s.f.DefaultMavenResourcesFiltering - Using platform encoding (UTF-8 actually) to copy filtered resources, i.e. build is platform dependent!
2024-08-17 11:01:02,044 [Worker-45: Building] INFO  o.a.m.s.f.DefaultMavenResourcesFiltering - skip non existing resourceDirectory /home/cliente/Documentos/GitHub/Trabalho-Interdisciplinar-II-Back-End/Exercicios_Eclipse_Davi/ti2cc-Fork/fonte-antigo/webservices/01HelloWorldSparkFramework/src/test/resources
2024-08-17 11:01:02,288 [Worker-41: Building] INFO  o.e.m.c.i.l.LifecycleMappingFactory - Using org.eclipse.m2e.jdt.JarLifecycleMapping lifecycle mapping for MavenProject: com.ti2cc:02WebServiceSimples:0.0.1-SNAPSHOT @ /home/cliente/Documentos/GitHub/Trabalho-Interdisciplinar-II-Back-End/Exercicios_Eclipse_Davi/ti2cc-Fork/fonte-antigo/webservices/02WebServiceSimples/pom.xml.
2024-08-17 11:01:02,405 [Worker-41: Building] WARN  o.a.m.s.f.DefaultMavenResourcesFiltering - Using platform encoding (UTF-8 actually) to copy filtered resources, i.e. build is platform dependent!
2024-08-17 11:01:02,412 [Worker-41: Building] INFO  o.a.m.s.f.DefaultMavenResourcesFiltering - Copying 1 resource from src/main/resources to target/classes
2024-08-17 11:01:02,422 [Worker-41: Building] WARN  o.a.m.s.f.DefaultMavenResourcesFiltering - Using platform encoding (UTF-8 actually) to copy filtered resources, i.e. build is platform dependent!
2024-08-17 11:01:02,423 [Worker-41: Building] INFO  o.a.m.s.f.DefaultMavenResourcesFiltering - skip non existing resourceDirectory /home/cliente/Documentos/GitHub/Trabalho-Interdisciplinar-II-Back-End/Exercicios_Eclipse_Davi/ti2cc-Fork/fonte-antigo/webservices/02WebServiceSimples/src/test/resources
2024-08-17 11:01:02,650 [Worker-38: Building] INFO  o.e.m.c.i.l.LifecycleMappingFactory - Using org.eclipse.m2e.jdt.JarLifecycleMapping lifecycle mapping for MavenProject: com.ti2cc:03ProdutoService:0.0.1-SNAPSHOT @ /home/cliente/Documentos/GitHub/Trabalho-Interdisciplinar-II-Back-End/Exercicios_Eclipse_Davi/ti2cc-Fork/fonte-antigo/webservices/03ProdutoService/pom.xml.
2024-08-17 11:01:02,787 [Worker-38: Building] WARN  o.a.m.s.f.DefaultMavenResourcesFiltering - Using platform encoding (UTF-8 actually) to copy filtered resources, i.e. build is platform dependent!
2024-08-17 11:01:02,788 [Worker-38: Building] INFO  o.a.m.s.f.DefaultMavenResourcesFiltering - Copying 1 resource from src/main/resources to target/classes
2024-08-17 11:01:02,794 [Worker-38: Building] WARN  o.a.m.s.f.DefaultMavenResourcesFiltering - Using platform encoding (UTF-8 actually) to copy filtered resources, i.e. build is platform dependent!
2024-08-17 11:01:02,795 [Worker-38: Building] INFO  o.a.m.s.f.DefaultMavenResourcesFiltering - skip non existing resourceDirectory /home/cliente/Documentos/GitHub/Trabalho-Interdisciplinar-II-Back-End/Exercicios_Eclipse_Davi/ti2cc-Fork/fonte-antigo/webservices/03ProdutoService/src/test/resources
2024-08-17 11:01:02,849 [Worker-38: Building] INFO  o.e.m.c.i.l.LifecycleMappingFactory - Using org.eclipse.m2e.jdt.JarLifecycleMapping lifecycle mapping for MavenProject: ti2cc:BD01JavaPostgreSQL:2.0 @ /home/cliente/Documentos/GitHub/Trabalho-Interdisciplinar-II-Back-End/Exercicios_Eclipse_Davi/ti2cc-Fork/BD01JavaPostgreSQL/pom.xml.
2024-08-17 11:01:02,874 [Worker-38: Building] WARN  o.a.m.s.f.DefaultMavenResourcesFiltering - Using platform encoding (UTF-8 actually) to copy filtered resources, i.e. build is platform dependent!
2024-08-17 11:01:02,875 [Worker-38: Building] INFO  o.a.m.s.f.DefaultMavenResourcesFiltering - Copying 1 resource from src/main/resources to target/classes
2024-08-17 11:01:02,880 [Worker-38: Building] WARN  o.a.m.s.f.DefaultMavenResourcesFiltering - Using platform encoding (UTF-8 actually) to copy filtered resources, i.e. build is platform dependent!
2024-08-17 11:01:02,881 [Worker-38: Building] INFO  o.a.m.s.f.DefaultMavenResourcesFiltering - skip non existing resourceDirectory /home/cliente/Documentos/GitHub/Trabalho-Interdisciplinar-II-Back-End/Exercicios_Eclipse_Davi/ti2cc-Fork/BD01JavaPostgreSQL/src/test/resources
2024-08-17 11:01:03,123 [Worker-46: Updating Maven Dependencies] INFO  o.e.m.c.i.l.LifecycleMappingFactory - Using org.eclipse.m2e.jdt.JarLifecycleMapping lifecycle mapping for MavenProject: ti2cc:WS02SimpleWebService:2.0 @ /home/cliente/Documentos/GitHub/Trabalho-Interdisciplinar-II-Back-End/Exercicios_Eclipse_Davi/ti2cc-Fork/WS02SimpleWebService/pom.xml.
2024-08-17 11:01:03,215 [Worker-46: Updating Maven Dependencies] INFO  o.e.m.c.i.l.LifecycleMappingFactory - Using org.eclipse.m2e.jdt.JarLifecycleMapping lifecycle mapping for MavenProject: ti2cc:WS03ProdutoService:2.0 @ /home/cliente/Documentos/GitHub/Trabalho-Interdisciplinar-II-Back-End/Exercicios_Eclipse_Davi/ti2cc-Fork/WS03ProdutoService/pom.xml.
2024-08-17 11:01:03,248 [Worker-46: Updating Maven Dependencies] INFO  o.e.m.c.i.l.LifecycleMappingFactory - Using org.eclipse.m2e.jdt.JarLifecycleMapping lifecycle mapping for MavenProject: com.ti2cc:03ProdutoService:0.0.1-SNAPSHOT @ /home/cliente/Documentos/GitHub/Trabalho-Interdisciplinar-II-Back-End/Exercicios_Eclipse_Davi/ti2cc-Fork/fonte-antigo/webservices/03ProdutoService/pom.xml.
2024-08-17 11:01:03,273 [Worker-46: Updating Maven Dependencies] INFO  o.e.m.c.i.l.LifecycleMappingFactory - Using org.eclipse.m2e.jdt.JarLifecycleMapping lifecycle mapping for MavenProject: ti2cc:BD01JavaPostgreSQL:2.0 @ /home/cliente/Documentos/GitHub/Trabalho-Interdisciplinar-II-Back-End/Exercicios_Eclipse_Davi/ti2cc-Fork/BD01JavaPostgreSQL/pom.xml.
2024-08-17 11:01:03,306 [Worker-46: Updating Maven Dependencies] INFO  o.e.m.c.i.l.LifecycleMappingFactory - Using org.eclipse.m2e.jdt.JarLifecycleMapping lifecycle mapping for MavenProject: ti2cc:WS01OiMundoSparkFramework:2.0 @ /home/cliente/Documentos/GitHub/Trabalho-Interdisciplinar-II-Back-End/Exercicios_Eclipse_Davi/ti2cc-Fork/WS01OiMundoSparkFramework/pom.xml.
2024-08-17 11:01:03,651 [Worker-44: Building] WARN  o.a.m.s.f.DefaultMavenResourcesFiltering - Using platform encoding (UTF-8 actually) to copy filtered resources, i.e. build is platform dependent!
2024-08-17 11:01:03,652 [Worker-44: Building] INFO  o.a.m.s.f.DefaultMavenResourcesFiltering - skip non existing resourceDirectory /home/cliente/Documentos/GitHub/Trabalho-Interdisciplinar-II-Back-End/Exercicios_Eclipse_Davi/ti2cc-Fork/WS01OiMundoSparkFramework/src/main/resources
2024-08-17 11:01:03,666 [Worker-44: Building] WARN  o.a.m.s.f.DefaultMavenResourcesFiltering - Using platform encoding (UTF-8 actually) to copy filtered resources, i.e. build is platform dependent!
2024-08-17 11:01:03,667 [Worker-44: Building] INFO  o.a.m.s.f.DefaultMavenResourcesFiltering - skip non existing resourceDirectory /home/cliente/Documentos/GitHub/Trabalho-Interdisciplinar-II-Back-End/Exercicios_Eclipse_Davi/ti2cc-Fork/WS01OiMundoSparkFramework/src/test/resources
2024-08-17 11:01:03,731 [Worker-44: Building] WARN  o.a.m.s.f.DefaultMavenResourcesFiltering - Using platform encoding (UTF-8 actually) to copy filtered resources, i.e. build is platform dependent!
2024-08-17 11:01:03,732 [Worker-44: Building] INFO  o.a.m.s.f.DefaultMavenResourcesFiltering - Copying 1 resource from src/main/resources to target/classes
2024-08-17 11:01:03,735 [Worker-44: Building] WARN  o.a.m.s.f.DefaultMavenResourcesFiltering - Using platform encoding (UTF-8 actually) to copy filtered resources, i.e. build is platform dependent!
2024-08-17 11:01:03,736 [Worker-44: Building] INFO  o.a.m.s.f.DefaultMavenResourcesFiltering - skip non existing resourceDirectory /home/cliente/Documentos/GitHub/Trabalho-Interdisciplinar-II-Back-End/Exercicios_Eclipse_Davi/ti2cc-Fork/WS02SimpleWebService/src/test/resources
2024-08-17 11:01:03,885 [Worker-44: Building] WARN  o.a.m.s.f.DefaultMavenResourcesFiltering - Using platform encoding (UTF-8 actually) to copy filtered resources, i.e. build is platform dependent!
2024-08-17 11:01:03,886 [Worker-44: Building] INFO  o.a.m.s.f.DefaultMavenResourcesFiltering - Copying 5 resources from src/main/resources to target/classes
2024-08-17 11:01:03,894 [Worker-44: Building] WARN  o.a.m.s.f.DefaultMavenResourcesFiltering - Using platform encoding (UTF-8 actually) to copy filtered resources, i.e. build is platform dependent!
2024-08-17 11:01:03,895 [Worker-44: Building] INFO  o.a.m.s.f.DefaultMavenResourcesFiltering - skip non existing resourceDirectory /home/cliente/Documentos/GitHub/Trabalho-Interdisciplinar-II-Back-End/Exercicios_Eclipse_Davi/ti2cc-Fork/WS03ProdutoService/src/test/resources
2024-08-17 11:01:26,644 [Worker-2: Loading available Gradle versions] INFO  o.e.b.c.i.u.g.PublishedGradleVersions - Gradle version information cache is up-to-date. Trying to read.
2024-08-17 11:03:04,291 [Worker-2: Loading available Gradle versions] INFO  o.e.b.c.i.u.g.PublishedGradleVersions - Gradle version information cache is up-to-date. Trying to read.
2024-08-17 11:03:29,883 [Worker-15: Building] ERROR o.e.m.c.i.p.r.ProjectRegistryManager - File not found: /home/cliente/Documentos/GitHub/Trabalho-Interdisciplinar-II-Back-End/Exercicios_Eclipse_Davi/ti2cc-Fork/fonte-antigo/bancodedados/01ConexaoPostgres/pom.xml.
org.eclipse.core.internal.resources.ResourceException: File not found: /home/cliente/Documentos/GitHub/Trabalho-Interdisciplinar-II-Back-End/Exercicios_Eclipse_Davi/ti2cc-Fork/fonte-antigo/bancodedados/01ConexaoPostgres/pom.xml.
	at org.eclipse.core.internal.localstore.FileSystemResourceManager.read(FileSystemResourceManager.java:882)
	at org.eclipse.core.internal.resources.File.getContents(File.java:299)
	at org.eclipse.core.internal.resources.File.getContents(File.java:290)
	at org.eclipse.m2e.core.internal.project.registry.ProjectRegistryManager.refreshPhase2(ProjectRegistryManager.java:589)
	at org.eclipse.m2e.core.internal.project.registry.ProjectRegistryManager.refresh(ProjectRegistryManager.java:491)
	at org.eclipse.m2e.core.internal.project.registry.ProjectRegistryManager.refresh(ProjectRegistryManager.java:370)
	at org.eclipse.m2e.core.internal.project.registry.ProjectRegistryManager.refresh(ProjectRegistryManager.java:322)
	at org.eclipse.m2e.core.internal.builder.MavenBuilder$BuildMethod.getProjectFacade(MavenBuilder.java:146)
	at org.eclipse.m2e.core.internal.builder.MavenBuilder$BuildMethod.lambda$0(MavenBuilder.java:84)
	at org.eclipse.m2e.core.internal.embedder.MavenExecutionContext.executeBare(MavenExecutionContext.java:458)
	at org.eclipse.m2e.core.internal.embedder.MavenExecutionContext.execute(MavenExecutionContext.java:339)
	at org.eclipse.m2e.core.internal.embedder.MavenExecutionContext.execute(MavenExecutionContext.java:278)
	at org.eclipse.m2e.core.internal.builder.MavenBuilder$BuildMethod.execute(MavenBuilder.java:83)
	at org.eclipse.m2e.core.internal.builder.MavenBuilder.build(MavenBuilder.java:192)
	at org.eclipse.core.internal.events.BuildManager$2.run(BuildManager.java:1077)
	at org.eclipse.core.runtime.SafeRunner.run(SafeRunner.java:47)
	at org.eclipse.core.internal.events.BuildManager.basicBuild(BuildManager.java:296)
	at org.eclipse.core.internal.events.BuildManager.basicBuild(BuildManager.java:352)
	at org.eclipse.core.internal.events.BuildManager$1.run(BuildManager.java:441)
	at org.eclipse.core.runtime.SafeRunner.run(SafeRunner.java:47)
	at org.eclipse.core.internal.events.BuildManager.basicBuild(BuildManager.java:444)
	at org.eclipse.core.internal.events.BuildManager.basicBuildLoop(BuildManager.java:555)
	at org.eclipse.core.internal.events.BuildManager.basicBuildLoop(BuildManager.java:503)
	at org.eclipse.core.internal.events.BuildManager.build(BuildManager.java:585)
	at org.eclipse.core.internal.events.AutoBuildJob.doBuild(AutoBuildJob.java:207)
	at org.eclipse.core.internal.events.AutoBuildJob.run(AutoBuildJob.java:300)
	at org.eclipse.core.internal.jobs.Worker.run(Worker.java:63)
Caused by: java.lang.Exception: File not found: /home/cliente/Documentos/GitHub/Trabalho-Interdisciplinar-II-Back-End/Exercicios_Eclipse_Davi/ti2cc-Fork/fonte-antigo/bancodedados/01ConexaoPostgres/pom.xml.
	at org.eclipse.core.internal.resources.ResourceException.provideStackTrace(ResourceException.java:42)
	at org.eclipse.core.internal.resources.ResourceException.<init>(ResourceException.java:38)
	... 27 common frames omitted
