2024-09-13 18:56:26,068 [Worker-6: Loading available Gradle versions] INFO  o.e.b.c.i.u.g.PublishedGradleVersions - Gradle version information cache is out-of-date. Trying to update.
2024-09-13 18:57:51,171 [Worker-5: Loading available Gradle versions] INFO  o.e.b.c.i.u.g.PublishedGradleVersions - Gradle version information cache is up-to-date. Trying to read.
2024-11-08 07:54:08,676 [Worker-6: Loading available Gradle versions] INFO  o.e.b.c.i.u.g.PublishedGradleVersions - Gradle version information cache is up-to-date. Trying to read.
2024-11-08 08:05:14,151 [Worker-0: Loading available Gradle versions] INFO  o.e.b.c.i.u.g.PublishedGradleVersions - Gradle version information cache is up-to-date. Trying to read.
2024-11-08 08:06:12,545 [Worker-7: Loading available Gradle versions] INFO  o.e.b.c.i.u.g.PublishedGradleVersions - Gradle version information cache is up-to-date. Trying to read.
2024-11-08 08:21:27,764 [Worker-38: Building] INFO  o.e.m.c.i.l.LifecycleMappingFactory - Using org.eclipse.m2e.jdt.JarLifecycleMapping lifecycle mapping for MavenProject: com.ti2cc:01HelloWordSparkFramework:0.0.1-SNAPSHOT @ /home/cliente/Documentos/GitHub/plmg-cc-ti2-2024-2-g02-sosbichinhos/Exercicios_Eclipse/Exercicios_Eclipse_Davi/Exercicio03_SparkFramework/01HelloWordSparkFramework/pom.xml.
2024-11-08 08:21:28,600 [Worker-38: Building] WARN  o.a.m.s.f.DefaultMavenResourcesFiltering - Using platform encoding (UTF-8 actually) to copy filtered resources, i.e. build is platform dependent!
2024-11-08 08:21:28,602 [Worker-38: Building] INFO  o.a.m.s.f.DefaultMavenResourcesFiltering - skip non existing resourceDirectory /home/cliente/Documentos/GitHub/plmg-cc-ti2-2024-2-g02-sosbichinhos/Exercicios_Eclipse/Exercicios_Eclipse_Davi/Exercicio03_SparkFramework/01HelloWordSparkFramework/src/main/resources
2024-11-08 08:21:28,611 [Worker-38: Building] WARN  o.a.m.s.f.DefaultMavenResourcesFiltering - Using platform encoding (UTF-8 actually) to copy filtered resources, i.e. build is platform dependent!
2024-11-08 08:21:28,613 [Worker-38: Building] INFO  o.a.m.s.f.DefaultMavenResourcesFiltering - skip non existing resourceDirectory /home/cliente/Documentos/GitHub/plmg-cc-ti2-2024-2-g02-sosbichinhos/Exercicios_Eclipse/Exercicios_Eclipse_Davi/Exercicio03_SparkFramework/01HelloWordSparkFramework/src/test/resources
2024-11-08 08:21:29,751 [Worker-26: Download sources and javadoc] INFO  o.e.m.c.i.e.AbstractTransferListenerAdapter - Downloading https://repo.maven.apache.org/maven2/org/slf4j/slf4j-api/1.7.25/slf4j-api-1.7.25-sources.jar
2024-11-08 08:21:29,782 [Worker-26: Download sources and javadoc] INFO  o.e.m.c.i.e.AbstractTransferListenerAdapter - Downloaded https://repo.maven.apache.org/maven2/org/slf4j/slf4j-api/1.7.25/slf4j-api-1.7.25-sources.jar
2024-11-08 08:21:29,786 [Worker-26: Download sources and javadoc] INFO  o.e.m.j.internal.DownloadSourcesJob - Downloaded sources for org.slf4j:slf4j-api:1.7.25
2024-11-08 08:21:29,849 [Worker-37: Building] WARN  o.a.m.s.f.DefaultMavenResourcesFiltering - Using platform encoding (UTF-8 actually) to copy filtered resources, i.e. build is platform dependent!
2024-11-08 08:21:29,849 [Worker-37: Building] INFO  o.a.m.s.f.DefaultMavenResourcesFiltering - skip non existing resourceDirectory /home/cliente/Documentos/GitHub/plmg-cc-ti2-2024-2-g02-sosbichinhos/Exercicios_Eclipse/Exercicios_Eclipse_Davi/Exercicio03_SparkFramework/01HelloWordSparkFramework/src/main/resources
2024-11-08 08:21:29,852 [Worker-37: Building] WARN  o.a.m.s.f.DefaultMavenResourcesFiltering - Using platform encoding (UTF-8 actually) to copy filtered resources, i.e. build is platform dependent!
2024-11-08 08:21:29,852 [Worker-37: Building] INFO  o.a.m.s.f.DefaultMavenResourcesFiltering - skip non existing resourceDirectory /home/cliente/Documentos/GitHub/plmg-cc-ti2-2024-2-g02-sosbichinhos/Exercicios_Eclipse/Exercicios_Eclipse_Davi/Exercicio03_SparkFramework/01HelloWordSparkFramework/src/test/resources
2024-11-08 08:21:30,090 [Worker-26: Download sources and javadoc] INFO  o.e.m.c.i.e.AbstractTransferListenerAdapter - Downloading https://repo.maven.apache.org/maven2/org/slf4j/slf4j-simple/1.7.21/slf4j-simple-1.7.21-sources.jar
2024-11-08 08:21:30,094 [Worker-26: Download sources and javadoc] INFO  o.e.m.c.i.e.AbstractTransferListenerAdapter - Downloaded https://repo.maven.apache.org/maven2/org/slf4j/slf4j-simple/1.7.21/slf4j-simple-1.7.21-sources.jar
2024-11-08 08:21:30,096 [Worker-26: Download sources and javadoc] INFO  o.e.m.j.internal.DownloadSourcesJob - Downloaded sources for org.slf4j:slf4j-simple:1.7.21
2024-11-26 10:10:58,516 [Worker-4: Loading available Gradle versions] INFO  o.e.b.c.i.u.g.PublishedGradleVersions - Gradle version information cache is out-of-date. Trying to update.
2024-11-26 10:11:02,081 [Worker-8: Building] WARN  o.a.m.s.f.DefaultMavenResourcesFiltering - Using platform encoding (UTF-8 actually) to copy filtered resources, i.e. build is platform dependent!
2024-11-26 10:11:02,083 [Worker-8: Building] INFO  o.a.m.s.f.DefaultMavenResourcesFiltering - skip non existing resourceDirectory /home/cliente/Documentos/GitHub/plmg-cc-ti2-2024-2-g02-sosbichinhos/Exercicios_Eclipse/Exercicios_Eclipse_Davi/Exercicio03_SparkFramework/01HelloWordSparkFramework/src/main/resources
2024-11-26 10:11:02,090 [Worker-8: Building] WARN  o.a.m.s.f.DefaultMavenResourcesFiltering - Using platform encoding (UTF-8 actually) to copy filtered resources, i.e. build is platform dependent!
2024-11-26 10:11:02,091 [Worker-8: Building] INFO  o.a.m.s.f.DefaultMavenResourcesFiltering - skip non existing resourceDirectory /home/cliente/Documentos/GitHub/plmg-cc-ti2-2024-2-g02-sosbichinhos/Exercicios_Eclipse/Exercicios_Eclipse_Davi/Exercicio03_SparkFramework/01HelloWordSparkFramework/src/test/resources
2024-11-26 10:20:57,212 [Worker-4: Loading available Gradle versions] INFO  o.e.b.c.i.u.g.PublishedGradleVersions - Gradle version information cache is up-to-date. Trying to read.
